#
# There is insufficient memory for the Java Runtime Environment to continue.
# Native memory allocation (malloc) failed to allocate 262896 bytes for Chunk::new
# Possible reasons:
#   The system is out of physical RAM or swap space
#   The process is running with CompressedOops enabled, and the Java Heap may be blocking the growth of the native heap
# Possible solutions:
#   Reduce memory load on the system
#   Increase physical memory or swap space
#   Check if swap backing store is full
#   Decrease Java heap size (-Xmx/-Xms)
#   Decrease number of Java threads
#   Decrease Java thread stack sizes (-Xss)
#   Set larger code cache with -XX:ReservedCodeCacheSize=
#   JVM is running with Unscaled Compressed Oops mode in which the Java heap is
#     placed in the first 4GB address space. The Java Heap base address is the
#     maximum limit for the native heap growth. Please use -XX:HeapBaseMinAddress
#     to set the Java Heap base and to place the Java Heap above 4GB virtual address.
# This output file may be truncated or incomplete.
#
#  Out of Memory Error (./src/hotspot/share/memory/arena.cpp:197), pid=17908, tid=13116
#
# JRE version: OpenJDK Runtime Environment (11.0.10) (build 11.0.10+0-b96-7249189)
# Java VM: OpenJDK 64-Bit Server VM (11.0.10+0-b96-7249189, mixed mode, tiered, compressed oops, g1 gc, windows-amd64)
# No core dump will be written. Minidumps are not enabled by default on client versions of Windows
#

---------------  S U M M A R Y ------------

Command Line: -Dorg.gradle.appname=gradlew org.gradle.wrapper.GradleWrapperMain -q -Ptarget-platform=android-arm64 -Ptarget=C:\vsCodeRepo\yuruyus_app\lib\main.dart -Pbase-application-name=android.app.Application -Pdart-defines=RkxVVFRFUl9XRUJfQVVUT19ERVRFQ1Q9dHJ1ZQ== -Pdart-obfuscation=false -Ptrack-widget-creation=true -Ptree-shake-icons=false -Pfilesystem-scheme=org-dartlang-root assembleDebug

Host: AMD A10-8700P Radeon R6, 10 Compute Cores 4C+6G, 4 cores, 6G,  Windows 10 , 64 bit Build 19041 (10.0.19041.1889)
Time: Sun Oct 30 15:20:39 2022 Türkiye Standart Saati elapsed time: 7.059865 seconds (0d 0h 0m 7s)

---------------  T H R E A D  ---------------

Current thread (0x0000022042a29000):  JavaThread "C2 CompilerThread0" daemon [_thread_in_native, id=13116, stack(0x000000d864a00000,0x000000d864b00000)]


Current CompileTask:
C2:   7060 1050   !   4       jdk.internal.loader.URLClassPath$JarLoader::getResource (353 bytes)

Stack: [0x000000d864a00000,0x000000d864b00000]
Native frames: (J=compiled Java code, j=interpreted, Vv=VM code, C=native code)
V  [jvm.dll+0x5ecfaa]
V  [jvm.dll+0x722bd5]
V  [jvm.dll+0x72412d]
V  [jvm.dll+0x7247e3]
V  [jvm.dll+0x242928]
V  [jvm.dll+0xbc4fc]
V  [jvm.dll+0xbca0c]
V  [jvm.dll+0x2b4fd4]
V  [jvm.dll+0x506028]
V  [jvm.dll+0x1fc985]
V  [jvm.dll+0x1fa77f]
V  [jvm.dll+0x18354c]
V  [jvm.dll+0x208ee7]
V  [jvm.dll+0x207731]
V  [jvm.dll+0x6eb1cf]
V  [jvm.dll+0x6e3d45]
V  [jvm.dll+0x5ebe96]
C  [ucrtbase.dll+0x21bb2]
C  [KERNEL32.DLL+0x17034]
C  [ntdll.dll+0x526a1]


---------------  P R O C E S S  ---------------

Threads class SMR info:
_java_thread_list=0x000002204372e2b0, length=11, elements={
0x0000022029820000, 0x00000220429fe800, 0x00000220429ff800, 0x0000022043393000,
0x0000022042a20800, 0x0000022042a22000, 0x0000022042a29000, 0x0000022042a2d800,
0x0000022042a37800, 0x00000220434c0800, 0x0000022043812000
}

Java Threads: ( => current thread )
  0x0000022029820000 JavaThread "main" [_thread_in_Java, id=11544, stack(0x000000d863e00000,0x000000d863f00000)]
  0x00000220429fe800 JavaThread "Reference Handler" daemon [_thread_blocked, id=11912, stack(0x000000d864500000,0x000000d864600000)]
  0x00000220429ff800 JavaThread "Finalizer" daemon [_thread_blocked, id=1772, stack(0x000000d864600000,0x000000d864700000)]
  0x0000022043393000 JavaThread "Signal Dispatcher" daemon [_thread_blocked, id=14224, stack(0x000000d864700000,0x000000d864800000)]
  0x0000022042a20800 JavaThread "Attach Listener" daemon [_thread_blocked, id=7448, stack(0x000000d864800000,0x000000d864900000)]
  0x0000022042a22000 JavaThread "Service Thread" daemon [_thread_blocked, id=11880, stack(0x000000d864900000,0x000000d864a00000)]
=>0x0000022042a29000 JavaThread "C2 CompilerThread0" daemon [_thread_in_native, id=13116, stack(0x000000d864a00000,0x000000d864b00000)]
  0x0000022042a2d800 JavaThread "C1 CompilerThread0" daemon [_thread_blocked, id=9592, stack(0x000000d864b00000,0x000000d864c00000)]
  0x0000022042a37800 JavaThread "Sweeper thread" daemon [_thread_blocked, id=13976, stack(0x000000d864c00000,0x000000d864d00000)]
  0x00000220434c0800 JavaThread "Common-Cleaner" daemon [_thread_blocked, id=8848, stack(0x000000d864e00000,0x000000d864f00000)]
  0x0000022043812000 JavaThread "pool-1-thread-1" [_thread_blocked, id=8744, stack(0x000000d865000000,0x000000d865100000)]

Other Threads:
  0x00000220429d8800 VMThread "VM Thread" [stack: 0x000000d864400000,0x000000d864500000] [id=8616]
  0x00000220434bc000 WatcherThread [stack: 0x000000d864d00000,0x000000d864e00000] [id=12544]
  0x0000022029838800 GCTaskThread "GC Thread#0" [stack: 0x000000d863f00000,0x000000d864000000] [id=16288]
  0x00000220434ca000 GCTaskThread "GC Thread#1" [stack: 0x000000d864f00000,0x000000d865000000] [id=16820]
  0x0000022029863800 ConcurrentGCThread "G1 Main Marker" [stack: 0x000000d864000000,0x000000d864100000] [id=6952]
  0x0000022029866000 ConcurrentGCThread "G1 Conc#0" [stack: 0x000000d864100000,0x000000d864200000] [id=3640]
  0x00000220298df800 ConcurrentGCThread "G1 Refine#0" [stack: 0x000000d864200000,0x000000d864300000] [id=8100]
  0x00000220298e0800 ConcurrentGCThread "G1 Young RemSet Sampling" [stack: 0x000000d864300000,0x000000d864400000] [id=12304]

Threads with active compile tasks:
C2 CompilerThread0   7139 1050   !   4       jdk.internal.loader.URLClassPath$JarLoader::getResource (353 bytes)

VM state:not at safepoint (normal execution)

VM Mutex/Monitor currently owned by a thread: None

Heap address: 0x0000000090c00000, size: 1780 MB, Compressed Oops mode: 32-bit
Narrow klass base: 0x0000000000000000, Narrow klass shift: 3
Compressed class space size: 1073741824 Address: 0x0000000100000000

Heap:
 garbage-first heap   total 114688K, used 20599K [0x0000000090c00000, 0x0000000100000000)
  region size 1024K, 14 young (14336K), 2 survivors (2048K)
 Metaspace       used 13094K, capacity 13418K, committed 13696K, reserved 1060864K
  class space    used 1488K, capacity 1602K, committed 1664K, reserved 1048576K
Heap Regions: E=young(eden), S=young(survivor), O=old, HS=humongous(starts), HC=humongous(continues), CS=collection set, F=free, A=archive, TAMS=top-at-mark-start (previous, next)
|   0|0x0000000090c00000, 0x0000000090d00000, 0x0000000090d00000|100%|HS|  |TAMS 0x0000000090c00000, 0x0000000090c00000| Complete 
|   1|0x0000000090d00000, 0x0000000090e00000, 0x0000000090e00000|100%|HC|  |TAMS 0x0000000090d00000, 0x0000000090d00000| Complete 
|   2|0x0000000090e00000, 0x0000000090f00000, 0x0000000090f00000|100%|HC|  |TAMS 0x0000000090e00000, 0x0000000090e00000| Complete 
|   3|0x0000000090f00000, 0x0000000091000000, 0x0000000091000000|100%| O|  |TAMS 0x0000000090f00000, 0x0000000090f00000| Untracked 
|   4|0x0000000091000000, 0x0000000091100000, 0x0000000091100000|100%| O|  |TAMS 0x0000000091000000, 0x0000000091000000| Untracked 
|   5|0x0000000091100000, 0x0000000091200000, 0x0000000091200000|100%| O|  |TAMS 0x0000000091100000, 0x0000000091100000| Untracked 
|   6|0x0000000091200000, 0x0000000091300000, 0x0000000091300000|100%| O|  |TAMS 0x0000000091200000, 0x0000000091200000| Untracked 
|   7|0x0000000091300000, 0x000000009131dc00, 0x0000000091400000| 11%| O|  |TAMS 0x0000000091300000, 0x0000000091300000| Untracked 
|   8|0x0000000091400000, 0x0000000091400000, 0x0000000091500000|  0%| F|  |TAMS 0x0000000091400000, 0x0000000091400000| Untracked 
|   9|0x0000000091500000, 0x0000000091500000, 0x0000000091600000|  0%| F|  |TAMS 0x0000000091500000, 0x0000000091500000| Untracked 
|  10|0x0000000091600000, 0x0000000091600000, 0x0000000091700000|  0%| F|  |TAMS 0x0000000091600000, 0x0000000091600000| Untracked 
|  11|0x0000000091700000, 0x0000000091700000, 0x0000000091800000|  0%| F|  |TAMS 0x0000000091700000, 0x0000000091700000| Untracked 
|  12|0x0000000091800000, 0x0000000091800000, 0x0000000091900000|  0%| F|  |TAMS 0x0000000091800000, 0x0000000091800000| Untracked 
|  13|0x0000000091900000, 0x0000000091900000, 0x0000000091a00000|  0%| F|  |TAMS 0x0000000091900000, 0x0000000091900000| Untracked 
|  14|0x0000000091a00000, 0x0000000091a00000, 0x0000000091b00000|  0%| F|  |TAMS 0x0000000091a00000, 0x0000000091a00000| Untracked 
|  15|0x0000000091b00000, 0x0000000091b00000, 0x0000000091c00000|  0%| F|  |TAMS 0x0000000091b00000, 0x0000000091b00000| Untracked 
|  16|0x0000000091c00000, 0x0000000091c00000, 0x0000000091d00000|  0%| F|  |TAMS 0x0000000091c00000, 0x0000000091c00000| Untracked 
|  17|0x0000000091d00000, 0x0000000091d00000, 0x0000000091e00000|  0%| F|  |TAMS 0x0000000091d00000, 0x0000000091d00000| Untracked 
|  18|0x0000000091e00000, 0x0000000091e00000, 0x0000000091f00000|  0%| F|  |TAMS 0x0000000091e00000, 0x0000000091e00000| Untracked 
|  19|0x0000000091f00000, 0x0000000091f00000, 0x0000000092000000|  0%| F|  |TAMS 0x0000000091f00000, 0x0000000091f00000| Untracked 
|  20|0x0000000092000000, 0x0000000092000000, 0x0000000092100000|  0%| F|  |TAMS 0x0000000092000000, 0x0000000092000000| Untracked 
|  21|0x0000000092100000, 0x0000000092100000, 0x0000000092200000|  0%| F|  |TAMS 0x0000000092100000, 0x0000000092100000| Untracked 
|  22|0x0000000092200000, 0x0000000092200000, 0x0000000092300000|  0%| F|  |TAMS 0x0000000092200000, 0x0000000092200000| Untracked 
|  23|0x0000000092300000, 0x0000000092300000, 0x0000000092400000|  0%| F|  |TAMS 0x0000000092300000, 0x0000000092300000| Untracked 
|  24|0x0000000092400000, 0x0000000092400000, 0x0000000092500000|  0%| F|  |TAMS 0x0000000092400000, 0x0000000092400000| Untracked 
|  25|0x0000000092500000, 0x0000000092500000, 0x0000000092600000|  0%| F|  |TAMS 0x0000000092500000, 0x0000000092500000| Untracked 
|  26|0x0000000092600000, 0x0000000092600000, 0x0000000092700000|  0%| F|  |TAMS 0x0000000092600000, 0x0000000092600000| Untracked 
|  27|0x0000000092700000, 0x0000000092700000, 0x0000000092800000|  0%| F|  |TAMS 0x0000000092700000, 0x0000000092700000| Untracked 
|  28|0x0000000092800000, 0x0000000092800000, 0x0000000092900000|  0%| F|  |TAMS 0x0000000092800000, 0x0000000092800000| Untracked 
|  29|0x0000000092900000, 0x0000000092900000, 0x0000000092a00000|  0%| F|  |TAMS 0x0000000092900000, 0x0000000092900000| Untracked 
|  30|0x0000000092a00000, 0x0000000092a00000, 0x0000000092b00000|  0%| F|  |TAMS 0x0000000092a00000, 0x0000000092a00000| Untracked 
|  31|0x0000000092b00000, 0x0000000092b00000, 0x0000000092c00000|  0%| F|  |TAMS 0x0000000092b00000, 0x0000000092b00000| Untracked 
|  32|0x0000000092c00000, 0x0000000092c00000, 0x0000000092d00000|  0%| F|  |TAMS 0x0000000092c00000, 0x0000000092c00000| Untracked 
|  33|0x0000000092d00000, 0x0000000092d00000, 0x0000000092e00000|  0%| F|  |TAMS 0x0000000092d00000, 0x0000000092d00000| Untracked 
|  34|0x0000000092e00000, 0x0000000092e00000, 0x0000000092f00000|  0%| F|  |TAMS 0x0000000092e00000, 0x0000000092e00000| Untracked 
|  35|0x0000000092f00000, 0x0000000092f00000, 0x0000000093000000|  0%| F|  |TAMS 0x0000000092f00000, 0x0000000092f00000| Untracked 
|  36|0x0000000093000000, 0x0000000093000000, 0x0000000093100000|  0%| F|  |TAMS 0x0000000093000000, 0x0000000093000000| Untracked 
|  37|0x0000000093100000, 0x0000000093100000, 0x0000000093200000|  0%| F|  |TAMS 0x0000000093100000, 0x0000000093100000| Untracked 
|  38|0x0000000093200000, 0x0000000093200000, 0x0000000093300000|  0%| F|  |TAMS 0x0000000093200000, 0x0000000093200000| Untracked 
|  39|0x0000000093300000, 0x0000000093300000, 0x0000000093400000|  0%| F|  |TAMS 0x0000000093300000, 0x0000000093300000| Untracked 
|  40|0x0000000093400000, 0x0000000093400000, 0x0000000093500000|  0%| F|  |TAMS 0x0000000093400000, 0x0000000093400000| Untracked 
|  41|0x0000000093500000, 0x0000000093500000, 0x0000000093600000|  0%| F|  |TAMS 0x0000000093500000, 0x0000000093500000| Untracked 
|  42|0x0000000093600000, 0x0000000093600000, 0x0000000093700000|  0%| F|  |TAMS 0x0000000093600000, 0x0000000093600000| Untracked 
|  43|0x0000000093700000, 0x0000000093700000, 0x0000000093800000|  0%| F|  |TAMS 0x0000000093700000, 0x0000000093700000| Untracked 
|  44|0x0000000093800000, 0x0000000093800000, 0x0000000093900000|  0%| F|  |TAMS 0x0000000093800000, 0x0000000093800000| Untracked 
|  45|0x0000000093900000, 0x0000000093900000, 0x0000000093a00000|  0%| F|  |TAMS 0x0000000093900000, 0x0000000093900000| Untracked 
|  46|0x0000000093a00000, 0x0000000093a00000, 0x0000000093b00000|  0%| F|  |TAMS 0x0000000093a00000, 0x0000000093a00000| Untracked 
|  47|0x0000000093b00000, 0x0000000093b00000, 0x0000000093c00000|  0%| F|  |TAMS 0x0000000093b00000, 0x0000000093b00000| Untracked 
|  48|0x0000000093c00000, 0x0000000093c00000, 0x0000000093d00000|  0%| F|  |TAMS 0x0000000093c00000, 0x0000000093c00000| Untracked 
|  49|0x0000000093d00000, 0x0000000093d00000, 0x0000000093e00000|  0%| F|  |TAMS 0x0000000093d00000, 0x0000000093d00000| Untracked 
|  50|0x0000000093e00000, 0x0000000093e00000, 0x0000000093f00000|  0%| F|  |TAMS 0x0000000093e00000, 0x0000000093e00000| Untracked 
|  51|0x0000000093f00000, 0x0000000093f00000, 0x0000000094000000|  0%| F|  |TAMS 0x0000000093f00000, 0x0000000093f00000| Untracked 
|  52|0x0000000094000000, 0x0000000094000000, 0x0000000094100000|  0%| F|  |TAMS 0x0000000094000000, 0x0000000094000000| Untracked 
|  53|0x0000000094100000, 0x0000000094100000, 0x0000000094200000|  0%| F|  |TAMS 0x0000000094100000, 0x0000000094100000| Untracked 
|  54|0x0000000094200000, 0x0000000094200000, 0x0000000094300000|  0%| F|  |TAMS 0x0000000094200000, 0x0000000094200000| Untracked 
|  55|0x0000000094300000, 0x0000000094300000, 0x0000000094400000|  0%| F|  |TAMS 0x0000000094300000, 0x0000000094300000| Untracked 
|  56|0x0000000094400000, 0x0000000094400000, 0x0000000094500000|  0%| F|  |TAMS 0x0000000094400000, 0x0000000094400000| Untracked 
|  57|0x0000000094500000, 0x0000000094500000, 0x0000000094600000|  0%| F|  |TAMS 0x0000000094500000, 0x0000000094500000| Untracked 
|  58|0x0000000094600000, 0x0000000094600000, 0x0000000094700000|  0%| F|  |TAMS 0x0000000094600000, 0x0000000094600000| Untracked 
|  59|0x0000000094700000, 0x0000000094700000, 0x0000000094800000|  0%| F|  |TAMS 0x0000000094700000, 0x0000000094700000| Untracked 
|  60|0x0000000094800000, 0x0000000094800000, 0x0000000094900000|  0%| F|  |TAMS 0x0000000094800000, 0x0000000094800000| Untracked 
|  61|0x0000000094900000, 0x0000000094900000, 0x0000000094a00000|  0%| F|  |TAMS 0x0000000094900000, 0x0000000094900000| Untracked 
|  62|0x0000000094a00000, 0x0000000094a00000, 0x0000000094b00000|  0%| F|  |TAMS 0x0000000094a00000, 0x0000000094a00000| Untracked 
|  63|0x0000000094b00000, 0x0000000094b00000, 0x0000000094c00000|  0%| F|  |TAMS 0x0000000094b00000, 0x0000000094b00000| Untracked 
|  64|0x0000000094c00000, 0x0000000094c00000, 0x0000000094d00000|  0%| F|  |TAMS 0x0000000094c00000, 0x0000000094c00000| Untracked 
|  65|0x0000000094d00000, 0x0000000094d00000, 0x0000000094e00000|  0%| F|  |TAMS 0x0000000094d00000, 0x0000000094d00000| Untracked 
|  66|0x0000000094e00000, 0x0000000094e00000, 0x0000000094f00000|  0%| F|  |TAMS 0x0000000094e00000, 0x0000000094e00000| Untracked 
|  67|0x0000000094f00000, 0x0000000094f00000, 0x0000000095000000|  0%| F|  |TAMS 0x0000000094f00000, 0x0000000094f00000| Untracked 
|  68|0x0000000095000000, 0x0000000095000000, 0x0000000095100000|  0%| F|  |TAMS 0x0000000095000000, 0x0000000095000000| Untracked 
|  69|0x0000000095100000, 0x0000000095100000, 0x0000000095200000|  0%| F|  |TAMS 0x0000000095100000, 0x0000000095100000| Untracked 
|  70|0x0000000095200000, 0x0000000095200000, 0x0000000095300000|  0%| F|  |TAMS 0x0000000095200000, 0x0000000095200000| Untracked 
|  71|0x0000000095300000, 0x0000000095300000, 0x0000000095400000|  0%| F|  |TAMS 0x0000000095300000, 0x0000000095300000| Untracked 
|  72|0x0000000095400000, 0x0000000095400000, 0x0000000095500000|  0%| F|  |TAMS 0x0000000095400000, 0x0000000095400000| Untracked 
|  73|0x0000000095500000, 0x0000000095500000, 0x0000000095600000|  0%| F|  |TAMS 0x0000000095500000, 0x0000000095500000| Untracked 
|  74|0x0000000095600000, 0x0000000095600000, 0x0000000095700000|  0%| F|  |TAMS 0x0000000095600000, 0x0000000095600000| Untracked 
|  75|0x0000000095700000, 0x0000000095700000, 0x0000000095800000|  0%| F|  |TAMS 0x0000000095700000, 0x0000000095700000| Untracked 
|  76|0x0000000095800000, 0x0000000095800000, 0x0000000095900000|  0%| F|  |TAMS 0x0000000095800000, 0x0000000095800000| Untracked 
|  77|0x0000000095900000, 0x0000000095900000, 0x0000000095a00000|  0%| F|  |TAMS 0x0000000095900000, 0x0000000095900000| Untracked 
|  78|0x0000000095a00000, 0x0000000095a00000, 0x0000000095b00000|  0%| F|  |TAMS 0x0000000095a00000, 0x0000000095a00000| Untracked 
|  79|0x0000000095b00000, 0x0000000095b00000, 0x0000000095c00000|  0%| F|  |TAMS 0x0000000095b00000, 0x0000000095b00000| Untracked 
|  80|0x0000000095c00000, 0x0000000095c00000, 0x0000000095d00000|  0%| F|  |TAMS 0x0000000095c00000, 0x0000000095c00000| Untracked 
|  81|0x0000000095d00000, 0x0000000095d00000, 0x0000000095e00000|  0%| F|  |TAMS 0x0000000095d00000, 0x0000000095d00000| Untracked 
|  82|0x0000000095e00000, 0x0000000095e00000, 0x0000000095f00000|  0%| F|  |TAMS 0x0000000095e00000, 0x0000000095e00000| Untracked 
|  83|0x0000000095f00000, 0x0000000095f00000, 0x0000000096000000|  0%| F|  |TAMS 0x0000000095f00000, 0x0000000095f00000| Untracked 
|  84|0x0000000096000000, 0x0000000096000000, 0x0000000096100000|  0%| F|  |TAMS 0x0000000096000000, 0x0000000096000000| Untracked 
|  85|0x0000000096100000, 0x0000000096100000, 0x0000000096200000|  0%| F|  |TAMS 0x0000000096100000, 0x0000000096100000| Untracked 
|  86|0x0000000096200000, 0x0000000096200000, 0x0000000096300000|  0%| F|  |TAMS 0x0000000096200000, 0x0000000096200000| Untracked 
|  87|0x0000000096300000, 0x0000000096300000, 0x0000000096400000|  0%| F|  |TAMS 0x0000000096300000, 0x0000000096300000| Untracked 
|  88|0x0000000096400000, 0x0000000096400000, 0x0000000096500000|  0%| F|  |TAMS 0x0000000096400000, 0x0000000096400000| Untracked 
|  89|0x0000000096500000, 0x0000000096500000, 0x0000000096600000|  0%| F|  |TAMS 0x0000000096500000, 0x0000000096500000| Untracked 
|  90|0x0000000096600000, 0x0000000096600000, 0x0000000096700000|  0%| F|  |TAMS 0x0000000096600000, 0x0000000096600000| Untracked 
|  91|0x0000000096700000, 0x0000000096700000, 0x0000000096800000|  0%| F|  |TAMS 0x0000000096700000, 0x0000000096700000| Untracked 
|  92|0x0000000096800000, 0x0000000096800000, 0x0000000096900000|  0%| F|  |TAMS 0x0000000096800000, 0x0000000096800000| Untracked 
|  93|0x0000000096900000, 0x0000000096900000, 0x0000000096a00000|  0%| F|  |TAMS 0x0000000096900000, 0x0000000096900000| Untracked 
|  94|0x0000000096a00000, 0x0000000096a00000, 0x0000000096b00000|  0%| F|  |TAMS 0x0000000096a00000, 0x0000000096a00000| Untracked 
|  95|0x0000000096b00000, 0x0000000096b00000, 0x0000000096c00000|  0%| F|  |TAMS 0x0000000096b00000, 0x0000000096b00000| Untracked 
|  96|0x0000000096c00000, 0x0000000096c00000, 0x0000000096d00000|  0%| F|  |TAMS 0x0000000096c00000, 0x0000000096c00000| Untracked 
|  97|0x0000000096d00000, 0x0000000096d00000, 0x0000000096e00000|  0%| F|  |TAMS 0x0000000096d00000, 0x0000000096d00000| Untracked 
|  98|0x0000000096e00000, 0x0000000096e527c8, 0x0000000096f00000| 32%| E|  |TAMS 0x0000000096e00000, 0x0000000096e00000| Complete 
|  99|0x0000000096f00000, 0x0000000097000000, 0x0000000097000000|100%| E|CS|TAMS 0x0000000096f00000, 0x0000000096f00000| Complete 
| 100|0x0000000097000000, 0x0000000097100000, 0x0000000097100000|100%| E|CS|TAMS 0x0000000097000000, 0x0000000097000000| Complete 
| 101|0x0000000097100000, 0x0000000097200000, 0x0000000097200000|100%| S|CS|TAMS 0x0000000097100000, 0x0000000097100000| Complete 
| 102|0x0000000097200000, 0x0000000097300000, 0x0000000097300000|100%| S|CS|TAMS 0x0000000097200000, 0x0000000097200000| Complete 
| 103|0x0000000097300000, 0x0000000097400000, 0x0000000097400000|100%| E|CS|TAMS 0x0000000097300000, 0x0000000097300000| Complete 
| 104|0x0000000097400000, 0x0000000097500000, 0x0000000097500000|100%| E|CS|TAMS 0x0000000097400000, 0x0000000097400000| Complete 
| 105|0x0000000097500000, 0x0000000097600000, 0x0000000097600000|100%| E|CS|TAMS 0x0000000097500000, 0x0000000097500000| Complete 
| 106|0x0000000097600000, 0x0000000097700000, 0x0000000097700000|100%| E|CS|TAMS 0x0000000097600000, 0x0000000097600000| Complete 
| 107|0x0000000097700000, 0x0000000097800000, 0x0000000097800000|100%| E|CS|TAMS 0x0000000097700000, 0x0000000097700000| Complete 
| 108|0x0000000097800000, 0x0000000097900000, 0x0000000097900000|100%| E|CS|TAMS 0x0000000097800000, 0x0000000097800000| Complete 
| 109|0x0000000097900000, 0x0000000097a00000, 0x0000000097a00000|100%| E|CS|TAMS 0x0000000097900000, 0x0000000097900000| Complete 
| 110|0x0000000097a00000, 0x0000000097b00000, 0x0000000097b00000|100%| E|CS|TAMS 0x0000000097a00000, 0x0000000097a00000| Complete 
| 111|0x0000000097b00000, 0x0000000097c00000, 0x0000000097c00000|100%| E|CS|TAMS 0x0000000097b00000, 0x0000000097b00000| Complete 

Card table byte_map: [0x000002203c690000,0x000002203ca10000] _byte_map_base: 0x000002203c20a000

Marking Bits (Prev, Next): (CMBitMap*) 0x000002202985be38, (CMBitMap*) 0x000002202985be70
 Prev Bits: [0x000002203cd90000, 0x000002203e960000)
 Next Bits: [0x000002203e960000, 0x0000022040530000)

Polling page: 0x0000022027740000

Metaspace:

Usage:
  Non-class:     11.60 MB capacity,    11.35 MB ( 98%) used,   236.45 KB (  2%) free+waste,    18.56 KB ( <1%) overhead. 
      Class:      1.56 MB capacity,     1.46 MB ( 93%) used,   101.05 KB (  6%) free+waste,     9.25 KB ( <1%) overhead. 
       Both:     13.17 MB capacity,    12.81 MB ( 97%) used,   337.50 KB (  3%) free+waste,    27.81 KB ( <1%) overhead. 

Virtual space:
  Non-class space:       12.00 MB reserved,      11.75 MB ( 98%) committed 
      Class space:        1.00 GB reserved,       1.63 MB ( <1%) committed 
             Both:        1.01 GB reserved,      13.38 MB (  1%) committed 

Chunk freelists:
   Non-Class:  24.00 KB
       Class:  30.00 KB
        Both:  54.00 KB

MaxMetaspaceSize: 17179869184.00 GB
CompressedClassSpaceSize: 1.00 GB

CodeHeap 'non-profiled nmethods': size=120064Kb used=366Kb max_used=366Kb free=119698Kb
 bounds [0x0000022034dd0000, 0x0000022035040000, 0x000002203c310000]
CodeHeap 'profiled nmethods': size=120000Kb used=1930Kb max_used=1930Kb free=118069Kb
 bounds [0x000002202d8a0000, 0x000002202db10000, 0x0000022034dd0000]
CodeHeap 'non-nmethods': size=5696Kb used=1081Kb max_used=1094Kb free=4614Kb
 bounds [0x000002202d310000, 0x000002202d580000, 0x000002202d8a0000]
 total_blobs=1444 nmethods=1053 adapters=304
 compilation: enabled
              stopped_count=0, restarted_count=0
 full_count=0

Compilation events (20 events):
Event: 6.708 Thread 0x0000022042a2d800 nmethod 1041 0x000002202da7f390 code [0x000002202da7f560, 0x000002202da7f728]
Event: 6.734 Thread 0x0000022042a2d800 1042       1       java.lang.ClassLoader::getUnnamedModule (5 bytes)
Event: 6.734 Thread 0x0000022042a2d800 nmethod 1042 0x0000022034e2a610 code [0x0000022034e2a7c0, 0x0000022034e2a878]
Event: 6.940 Thread 0x0000022042a29000 1043       4       java.lang.StringLatin1::indexOf (121 bytes)
Event: 6.951 Thread 0x0000022042a2d800 1044       3       java.lang.reflect.Executable::<init> (5 bytes)
Event: 6.951 Thread 0x0000022042a2d800 nmethod 1044 0x000002202da7f810 code [0x000002202da7f9c0, 0x000002202da7fb78]
Event: 6.952 Thread 0x0000022042a2d800 1045       3       java.util.LinkedList$ListItr::next (56 bytes)
Event: 6.952 Thread 0x0000022042a2d800 nmethod 1045 0x000002202da7fc90 code [0x000002202da7fe80, 0x000002202da80338]
Event: 6.955 Thread 0x0000022042a29000 nmethod 1043 0x0000022034e2a910 code [0x0000022034e2aac0, 0x0000022034e2af78]
Event: 6.968 Thread 0x0000022042a2d800 1046       3       sun.reflect.generics.parser.SignatureParser::skipIdentifier (67 bytes)
Event: 6.969 Thread 0x0000022042a2d800 nmethod 1046 0x000002202da80510 code [0x000002202da80720, 0x000002202da80ca8]
Event: 6.970 Thread 0x0000022042a2d800 1047       1       java.lang.reflect.Method::getGenericSignature (5 bytes)
Event: 6.970 Thread 0x0000022042a2d800 nmethod 1047 0x0000022034e2b210 code [0x0000022034e2b3c0, 0x0000022034e2b478]
Event: 6.970 Thread 0x0000022042a2d800 1048       3       java.lang.Class::reflectionData (43 bytes)
Event: 6.971 Thread 0x0000022042a2d800 nmethod 1048 0x000002202da80e90 code [0x000002202da81060, 0x000002202da81438]
Event: 6.999 Thread 0x0000022042a2d800 1049       3       java.lang.String::toString (2 bytes)
Event: 6.999 Thread 0x0000022042a2d800 nmethod 1049 0x000002202da81590 code [0x000002202da81740, 0x000002202da81838]
Event: 7.029 Thread 0x0000022042a29000 1050   !   4       jdk.internal.loader.URLClassPath$JarLoader::getResource (353 bytes)
Event: 7.034 Thread 0x0000022042a2d800 1051       3       java.lang.invoke.VarForm::getMemberName (21 bytes)
Event: 7.034 Thread 0x0000022042a2d800 nmethod 1051 0x000002202da81910 code [0x000002202da81ae0, 0x000002202da81d08]

GC Heap History (4 events):
Event: 3.484 GC heap before
{Heap before GC invocations=0 (full 0):
 garbage-first heap   total 114688K, used 16384K [0x0000000090c00000, 0x0000000100000000)
  region size 1024K, 14 young (14336K), 0 survivors (0K)
 Metaspace       used 8388K, capacity 8612K, committed 8832K, reserved 1056768K
  class space    used 763K, capacity 823K, committed 896K, reserved 1048576K
}
Event: 3.506 GC heap after
{Heap after GC invocations=1 (full 0):
 garbage-first heap   total 114688K, used 3503K [0x0000000090c00000, 0x0000000100000000)
  region size 1024K, 2 young (2048K), 2 survivors (2048K)
 Metaspace       used 8388K, capacity 8612K, committed 8832K, reserved 1056768K
  class space    used 763K, capacity 823K, committed 896K, reserved 1048576K
}
Event: 5.295 GC heap before
{Heap before GC invocations=1 (full 0):
 garbage-first heap   total 114688K, used 15791K [0x0000000090c00000, 0x0000000100000000)
  region size 1024K, 11 young (11264K), 2 survivors (2048K)
 Metaspace       used 10622K, capacity 10913K, committed 11264K, reserved 1058816K
  class space    used 1089K, capacity 1166K, committed 1280K, reserved 1048576K
}
Event: 5.303 GC heap after
{Heap after GC invocations=2 (full 0):
 garbage-first heap   total 114688K, used 9335K [0x0000000090c00000, 0x0000000100000000)
  region size 1024K, 2 young (2048K), 2 survivors (2048K)
 Metaspace       used 10622K, capacity 10913K, committed 11264K, reserved 1058816K
  class space    used 1089K, capacity 1166K, committed 1280K, reserved 1048576K
}

Deoptimization events (20 events):
Event: 5.030 Thread 0x0000022029820000 DEOPT PACKING pc=0x0000022034deccb0 sp=0x000000d863efced0
Event: 5.030 Thread 0x0000022029820000 DEOPT UNPACKING pc=0x000002202d3373af sp=0x000000d863efce78 mode 2
Event: 5.031 Thread 0x0000022029820000 Uncommon trap: trap_request=0xffffffde fr.pc=0x0000022034deccb0 relative=0x0000000000000390
Event: 5.031 Thread 0x0000022029820000 Uncommon trap: reason=class_check action=maybe_recompile pc=0x0000022034deccb0 method=java.util.regex.Matcher.match(II)Z @ 121 c2
Event: 5.031 Thread 0x0000022029820000 DEOPT PACKING pc=0x0000022034deccb0 sp=0x000000d863efced0
Event: 5.031 Thread 0x0000022029820000 DEOPT UNPACKING pc=0x000002202d3373af sp=0x000000d863efce78 mode 2
Event: 5.069 Thread 0x0000022029820000 Uncommon trap: trap_request=0xffffff4d fr.pc=0x0000022034e109d4 relative=0x0000000000000214
Event: 5.069 Thread 0x0000022029820000 Uncommon trap: reason=unstable_if action=reinterpret pc=0x0000022034e109d4 method=java.util.HashMap.hash(Ljava/lang/Object;)I @ 1 c2
Event: 5.069 Thread 0x0000022029820000 DEOPT PACKING pc=0x0000022034e109d4 sp=0x000000d863efcfb0
Event: 5.070 Thread 0x0000022029820000 DEOPT UNPACKING pc=0x000002202d3373af sp=0x000000d863efcee8 mode 2
Event: 5.199 Thread 0x0000022029820000 Uncommon trap: trap_request=0xffffff4d fr.pc=0x0000022034e1b90c relative=0x00000000000003ec
Event: 5.199 Thread 0x0000022029820000 Uncommon trap: reason=unstable_if action=reinterpret pc=0x0000022034e1b90c method=java.util.regex.Matcher.match(II)Z @ 76 c2
Event: 5.199 Thread 0x0000022029820000 DEOPT PACKING pc=0x0000022034e1b90c sp=0x000000d863efbf10
Event: 5.199 Thread 0x0000022029820000 DEOPT UNPACKING pc=0x000002202d3373af sp=0x000000d863efbec8 mode 2
Event: 5.551 Thread 0x0000022029820000 Uncommon trap: trap_request=0xffffff4d fr.pc=0x0000022034deb5a8 relative=0x00000000000006c8
Event: 5.551 Thread 0x0000022029820000 Uncommon trap: reason=unstable_if action=reinterpret pc=0x0000022034deb5a8 method=java.lang.StringLatin1.toLowerCase(Ljava/lang/String;[BLjava/util/Locale;)Ljava/lang/String; @ 70 c2
Event: 5.551 Thread 0x0000022029820000 DEOPT PACKING pc=0x0000022034deb5a8 sp=0x000000d863efcd70
Event: 5.551 Thread 0x0000022029820000 DEOPT UNPACKING pc=0x000002202d3373af sp=0x000000d863efcd10 mode 2
Event: 6.941 Thread 0x0000022029820000 DEOPT PACKING pc=0x000002202d93cd7f sp=0x000000d863ef9bd0
Event: 6.941 Thread 0x0000022029820000 DEOPT UNPACKING pc=0x000002202d3371ce sp=0x000000d863ef9020 mode 0

Classes redefined (0 events):
No events

Internal exceptions (10 events):
Event: 0.902 Thread 0x0000022029820000 Exception <a 'java/lang/NoSuchMethodError'{0x0000000097a89218}: 'int java.lang.invoke.DirectMethodHandle$Holder.invokeSpecialIFC(java.lang.Object, java.lang.Object, int)'> (0x0000000097a89218) thrown at [./src/hotspot/share/interpreter/linkResolver.cpp, line 773]
Event: 1.353 Thread 0x0000022029820000 Exception <a 'java/lang/NoSuchMethodError'{0x000000009785dcf0}: 'int java.lang.invoke.DirectMethodHandle$Holder.invokeStaticInit(java.lang.Object, java.lang.Object)'> (0x000000009785dcf0) thrown at [./src/hotspot/share/interpreter/linkResolver.cpp, line 773]
Event: 1.566 Thread 0x0000022029820000 Exception <a 'java/lang/NoSuchMethodError'{0x0000000097726fb8}: 'int java.lang.invoke.DirectMethodHandle$Holder.invokeSpecial(java.lang.Object, java.lang.Object, java.lang.Object, java.lang.Object)'> (0x0000000097726fb8) thrown at [./src/hotspot/share/interpreter/linkResolver.cpp, line 773]
Event: 5.069 Thread 0x0000022029820000 Implicit null exception at 0x0000022034e107f5 to 0x0000022034e109c4
Event: 5.204 Thread 0x0000022029820000 Exception <a 'java/lang/NoClassDefFoundError'{0x0000000097398d40}: org/slf4j/impl/StaticMarkerBinder> (0x0000000097398d40) thrown at [./src/hotspot/share/classfile/systemDictionary.cpp, line 220]
Event: 5.380 Thread 0x0000022029820000 Exception <a 'java/lang/NoSuchMethodError'{0x0000000097b8d940}: 'java.lang.Object java.lang.invoke.DirectMethodHandle$Holder.invokeVirtual(java.lang.Object, java.lang.Object, java.lang.Object, java.lang.Object, java.lang.Object, java.lang.Object, java.lang.Object)'> (0x0000000097b8d940) thrown at [./src/hotspot/share/interpreter/linkResolver.cpp, line 773]
Event: 5.400 Thread 0x0000022029820000 Exception <a 'java/lang/NoSuchMethodError'{0x0000000097ba1b38}: 'java.lang.Object java.lang.invoke.Invokers$Holder.invoker(java.lang.Object, java.lang.Object, java.lang.Object)'> (0x0000000097ba1b38) thrown at [./src/hotspot/share/interpreter/linkResolver.cpp, line 773]
Event: 5.428 Thread 0x0000022029820000 Exception <a 'java/lang/NoSuchMethodError'{0x0000000097bcd270}: 'void java.lang.invoke.DelegatingMethodHandle$Holder.delegate(java.lang.Object, java.lang.Object, int, java.lang.Object)'> (0x0000000097bcd270) thrown at [./src/hotspot/share/interpreter/linkResolver.cpp, line 773]
Event: 6.131 Thread 0x0000022029820000 Exception <a 'java/lang/NoSuchMethodError'{0x00000000975aec10}: 'java.lang.Object java.lang.invoke.DirectMethodHandle$Holder.invokeInterface(java.lang.Object, java.lang.Object, java.lang.Object)'> (0x00000000975aec10) thrown at [./src/hotspot/share/interpreter/linkResolver.cpp, line 773]
Event: 6.483 Thread 0x0000022029820000 Exception <a 'java/lang/NoSuchMethodError'{0x000000009704c638}: 'java.lang.Object java.lang.invoke.DirectMethodHandle$Holder.invokeStaticInit(java.lang.Object, java.lang.Object, java.lang.Object)'> (0x000000009704c638) thrown at [./src/hotspot/share/interpreter/linkResolver.cpp, line 773]

Events (20 events):
Event: 7.028 loading class org/gradle/internal/remote/internal/Connection done
Event: 7.028 loading class org/gradle/internal/dispatch/Receive
Event: 7.028 loading class org/gradle/internal/dispatch/Receive done
Event: 7.028 loading class org/gradle/launcher/daemon/protocol/Finished
Event: 7.028 loading class org/gradle/launcher/daemon/protocol/Finished done
Event: 7.033 loading class org/gradle/api/BuildCancelledException
Event: 7.033 loading class org/gradle/api/BuildCancelledException done
Event: 7.035 loading class org/gradle/cache/internal/DefaultFileLockManager
Event: 7.035 loading class org/gradle/cache/internal/DefaultFileLockManager done
Event: 7.044 loading class org/gradle/cache/FileLock
Event: 7.044 loading class org/gradle/cache/FileLock done
Event: 7.045 loading class org/gradle/cache/FileAccess
Event: 7.045 loading class org/gradle/cache/FileAccess done
Event: 7.045 loading class org/gradle/internal/io/ExponentialBackoff$Signal
Event: 7.045 loading class org/gradle/internal/io/ExponentialBackoff$Signal done
Event: 7.047 loading class org/gradle/cache/internal/DefaultProcessMetaDataProvider
Event: 7.047 loading class org/gradle/cache/internal/DefaultProcessMetaDataProvider done
Event: 7.050 loading class org/gradle/internal/id/RandomLongIdGenerator
Event: 7.050 loading class org/gradle/internal/id/RandomLongIdGenerator done
Event: 7.050 loading class java/util/Random


Dynamic libraries:
0x00007ff7a6bb0000 - 0x00007ff7a6bba000 	C:\Program Files\Android\Android Studio\jre\bin\java.exe
0x00007ff80d330000 - 0x00007ff80d528000 	C:\Windows\SYSTEM32\ntdll.dll
0x00007ff80bed0000 - 0x00007ff80bf8d000 	C:\Windows\System32\KERNEL32.DLL
0x00007ff80ac50000 - 0x00007ff80af22000 	C:\Windows\System32\KERNELBASE.dll
0x00007ff80ab50000 - 0x00007ff80ac50000 	C:\Windows\System32\ucrtbase.dll
0x00007fffee8c0000 - 0x00007fffee8d9000 	C:\Program Files\Android\Android Studio\jre\bin\jli.dll
0x00007ff80cd90000 - 0x00007ff80cf2d000 	C:\Windows\System32\USER32.dll
0x00007ff80afc0000 - 0x00007ff80afe2000 	C:\Windows\System32\win32u.dll
0x00007ff80cb80000 - 0x00007ff80cbab000 	C:\Windows\System32\GDI32.dll
0x00007ff80aa40000 - 0x00007ff80ab4f000 	C:\Windows\System32\gdi32full.dll
0x00007ff80b270000 - 0x00007ff80b30d000 	C:\Windows\System32\msvcp_win.dll
0x00007fffee8a0000 - 0x00007fffee8b7000 	C:\Program Files\Android\Android Studio\jre\bin\VCRUNTIME140.dll
0x00007ffff04c0000 - 0x00007ffff075a000 	C:\Windows\WinSxS\amd64_microsoft.windows.common-controls_6595b64144ccf1df_6.0.19041.1110_none_60b5254171f9507e\COMCTL32.dll
0x00007ff80be30000 - 0x00007ff80bece000 	C:\Windows\System32\msvcrt.dll
0x00007ff80be00000 - 0x00007ff80be30000 	C:\Windows\System32\IMM32.DLL
0x00007fffdb260000 - 0x00007fffdb2fd000 	C:\Program Files\Android\Android Studio\jre\bin\msvcp140.dll
0x00007fffc0400000 - 0x00007fffc0ecf000 	C:\Program Files\Android\Android Studio\jre\bin\server\jvm.dll
0x00007ff80c030000 - 0x00007ff80c0de000 	C:\Windows\System32\ADVAPI32.dll
0x00007ff80b390000 - 0x00007ff80b42c000 	C:\Windows\System32\sechost.dll
0x00007ff80d060000 - 0x00007ff80d185000 	C:\Windows\System32\RPCRT4.dll
0x00007ff80b430000 - 0x00007ff80b438000 	C:\Windows\System32\PSAPI.DLL
0x00007ff808240000 - 0x00007ff808249000 	C:\Windows\SYSTEM32\WSOCK32.dll
0x00007ff80d1f0000 - 0x00007ff80d25b000 	C:\Windows\System32\WS2_32.dll
0x00007ff800330000 - 0x00007ff800357000 	C:\Windows\SYSTEM32\WINMM.dll
0x00007ff803040000 - 0x00007ff80304a000 	C:\Windows\SYSTEM32\VERSION.dll
0x00007ff808900000 - 0x00007ff808912000 	C:\Windows\SYSTEM32\kernel.appcore.dll
0x00007fffedf70000 - 0x00007fffedf81000 	C:\Program Files\Android\Android Studio\jre\bin\verify.dll
0x00007ff802df0000 - 0x00007ff802fd4000 	C:\Windows\SYSTEM32\DBGHELP.DLL
0x00007ffff7980000 - 0x00007ffff79ac000 	C:\Windows\SYSTEM32\dbgcore.DLL
0x00007ff80af30000 - 0x00007ff80afb2000 	C:\Windows\System32\bcryptPrimitives.dll
0x00007fffe4540000 - 0x00007fffe4569000 	C:\Program Files\Android\Android Studio\jre\bin\java.dll
0x00007ff805780000 - 0x00007ff80578b000 	C:\Program Files\Android\Android Studio\jre\bin\jimage.dll
0x00007fffedb90000 - 0x00007fffedba8000 	C:\Program Files\Android\Android Studio\jre\bin\zip.dll
0x00007ff80b600000 - 0x00007ff80bd43000 	C:\Windows\System32\SHELL32.dll
0x00007ff808b00000 - 0x00007ff809291000 	C:\Windows\SYSTEM32\windows.storage.dll
0x00007ff80c0e0000 - 0x00007ff80c434000 	C:\Windows\System32\combase.dll
0x00007ff80a3c0000 - 0x00007ff80a3f0000 	C:\Windows\SYSTEM32\Wldp.dll
0x00007ff80bd50000 - 0x00007ff80bdfd000 	C:\Windows\System32\SHCORE.dll
0x00007ff80cbb0000 - 0x00007ff80cc05000 	C:\Windows\System32\shlwapi.dll
0x00007ff80a980000 - 0x00007ff80a99f000 	C:\Windows\SYSTEM32\profapi.dll
0x00007fffed6c0000 - 0x00007fffed6da000 	C:\Program Files\Android\Android Studio\jre\bin\net.dll
0x00007fffff3a0000 - 0x00007fffff4ad000 	C:\Windows\SYSTEM32\WINHTTP.dll
0x00007ff80a120000 - 0x00007ff80a18a000 	C:\Windows\system32\mswsock.dll
0x00007fffe97d0000 - 0x00007fffe97e4000 	C:\Program Files\Android\Android Studio\jre\bin\nio.dll
0x00007fffe1d20000 - 0x00007fffe1d47000 	C:\Users\HP\.gradle\native\e1d6ef7f7dcc3fd88c89a11ec53ec762bb8ba0a96d01ffa2cd45eb1d1d8dd5c5\windows-amd64\native-platform.dll
0x00007ffffd740000 - 0x00007ffffd74a000 	C:\Program Files\Android\Android Studio\jre\bin\management.dll
0x00007ffffd3f0000 - 0x00007ffffd3fc000 	C:\Program Files\Android\Android Studio\jre\bin\management_ext.dll

dbghelp: loaded successfully - version: 4.0.5 - missing functions: none
symbol engine: initialized successfully - sym options: 0x614 - pdb path: .;C:\Program Files\Android\Android Studio\jre\bin;C:\Windows\SYSTEM32;C:\Windows\WinSxS\amd64_microsoft.windows.common-controls_6595b64144ccf1df_6.0.19041.1110_none_60b5254171f9507e;C:\Program Files\Android\Android Studio\jre\bin\server;C:\Users\HP\.gradle\native\e1d6ef7f7dcc3fd88c89a11ec53ec762bb8ba0a96d01ffa2cd45eb1d1d8dd5c5\windows-amd64

VM Arguments:
jvm_args: -Dorg.gradle.appname=gradlew 
java_command: org.gradle.wrapper.GradleWrapperMain -q -Ptarget-platform=android-arm64 -Ptarget=C:\vsCodeRepo\yuruyus_app\lib\main.dart -Pbase-application-name=android.app.Application -Pdart-defines=RkxVVFRFUl9XRUJfQVVUT19ERVRFQ1Q9dHJ1ZQ== -Pdart-obfuscation=false -Ptrack-widget-creation=true -Ptree-shake-icons=false -Pfilesystem-scheme=org-dartlang-root assembleDebug
java_class_path (initial): C:\vsCodeRepo\yuruyus_app\android\\gradle\wrapper\gradle-wrapper.jar
Launcher Type: SUN_STANDARD

[Global flags]
     intx CICompilerCount                          = 3                                         {product} {ergonomic}
     uint ConcGCThreads                            = 1                                         {product} {ergonomic}
     uint G1ConcRefinementThreads                  = 4                                         {product} {ergonomic}
   size_t G1HeapRegionSize                         = 1048576                                   {product} {ergonomic}
    uintx GCDrainStackTargetSize                   = 64                                        {product} {ergonomic}
   size_t InitialHeapSize                          = 117440512                                 {product} {ergonomic}
   size_t MarkStackSize                            = 4194304                                   {product} {ergonomic}
   size_t MaxHeapSize                              = 1866465280                                {product} {ergonomic}
   size_t MaxNewSize                               = 1119879168                                {product} {ergonomic}
   size_t MinHeapDeltaBytes                        = 1048576                                   {product} {ergonomic}
    uintx NonNMethodCodeHeapSize                   = 5830732                                {pd product} {ergonomic}
    uintx NonProfiledCodeHeapSize                  = 122913754                              {pd product} {ergonomic}
    uintx ProfiledCodeHeapSize                     = 122913754                              {pd product} {ergonomic}
    uintx ReservedCodeCacheSize                    = 251658240                              {pd product} {ergonomic}
     bool SegmentedCodeCache                       = true                                      {product} {ergonomic}
     bool UseCompressedClassPointers               = true                                 {lp64_product} {ergonomic}
     bool UseCompressedOops                        = true                                 {lp64_product} {ergonomic}
     bool UseG1GC                                  = true                                      {product} {ergonomic}
     bool UseLargePagesIndividualAllocation        = false                                  {pd product} {ergonomic}

Logging:
Log output configuration:
 #0: stdout all=warning uptime,level,tags
 #1: stderr all=off uptime,level,tags

Environment Variables:
JAVA_HOME=C:\Program Files\Android\Android Studio\jre
CLASSPATH=C:\vsCodeRepo\yuruyus_app\android\\gradle\wrapper\gradle-wrapper.jar
PATH=C:\Program Files\Python35\Lib\site-packages\PyQt5;C:\Users\HP\AppData\Local\Programs\Python\Python35\Lib\site-packages\PyQt5;C:\Program Files\Common Files\Oracle\Java\javapath;C:\Windows\system32;C:\Windows;C:\Windows\System32\Wbem;C:\Windows\System32\WindowsPowerShell\v1.0\;C:\Windows\System32\OpenSSH\;C:\Program Files\Microsoft SQL Server\Client SDK\ODBC\110\Tools\Binn\;C:\Program Files (x86)\Microsoft SQL Server\120\Tools\Binn\;C:\Program Files\Microsoft SQL Server\120\Tools\Binn\;C:\Program Files\Microsoft SQL Server\120\DTS\Binn\;C:\Program Files (x86)\Microsoft SQL Server\120\Tools\Binn\ManagementStudio\;C:\Program Files (x86)\Microsoft SQL Server\120\DTS\Binn\;C:\Program Files\Git\cmd;C:\Program Files\MATLAB\R2017b\runtime\win64;C:\Program Files\MATLAB\R2017b\bin;C:\Users\HP\AppData\Local\Programs\Python\Python310\Scripts\;C:\Users\HP\AppData\Local\Programs\Python\Python310\;C:\Users\HP\AppData\Local\Microsoft\WindowsApps;C:\Users\HP\AppData\Local\GitHubDesktop\bin;C:\src\flutter\bin;;C:\Users\HP\AppData\Local\Programs\Microsoft VS Code\bin;C:\src\flutter\bin\mingit\cmd
USERNAME=HP
OS=Windows_NT
PROCESSOR_IDENTIFIER=AMD64 Family 21 Model 96 Stepping 1, AuthenticAMD



---------------  S Y S T E M  ---------------

OS: Windows 10 , 64 bit Build 19041 (10.0.19041.1889)
OS uptime: 5 days 9:41 hours

CPU:total 4 (initial active 4) (4 cores per cpu, 1 threads per core) family 21 model 96 stepping 1 microcode 0x0, cmov, cx8, fxsr, mmx, sse, sse2, sse3, ssse3, sse4.1, sse4.2, popcnt, avx, avx2, aes, clmul, mmxext, 3dnowpref, lzcnt, sse4a, tsc, tscinvbit, tscinv, bmi1, bmi2, fma

Memory: 4k page, system-wide physical 7116M (267M free)
TotalPageFile size 14633M (AvailPageFile size 2M)
current process WorkingSet (physical memory assigned to process): 78M, peak: 78M
current process commit charge ("private bytes"): 200M, peak: 200M

vm_info: OpenJDK 64-Bit Server VM (11.0.10+0-b96-7249189) for windows-amd64 JRE (11.0.10+0-b96-7249189), built on Mar 31 2021 21:44:00 by "builder" with MS VC++ 14.0 (VS2015)

END.
